[    0.000000] Linux version 4.15.0-62-generic (buildd@lcy01-amd64-024 (gcc version 7.4.0 (Ubuntu 7.4.0-1ubuntu1~18.04.1)) #69-Ubuntu SMP Wed Sep 4 20:55:53 UTC 2019 (Ubuntu 4.15.-62.69-generic 4.15.18)
[   0.00000] Command line: BOOT_IMAGE=/boot/vmlinuz-4.15.0-62-generic root=UUID=f3638ad-09b3-4522-a2a0-7cc460e907bc ro console=tty1 console=ttyS0
[    0.000000] KERNEL supported cpus:
[    0.000000]   Intel GenuineIntel
[    0.000000]   AMD AuthenticAMD
[    0.000000   Centaur CentaurHauls
[    0.000000] x86/pu: Supporting XSAVE feature 0x001: 'x87 floating point registers'
[   0.000000] x86/fpu: Supporting XSAVE feature 0x002: 'SSE registers'
[    0.00000] x86/fpu: Supporting XSAVE feature0x004: 'AVX egisters'
[    0.00000] x86/pu:xstate_offset[2]:  576, xstate_sizes[2]:  256
[   0.00000] x8/fpu: Enabled xstate features 0x7, context ize is 832 bytes, using 'standard' format.
[    0.000000] e820: BIOS-provied physical RAM map:
[    0.000000] BIOS-e820: [mem 0x0000000000000000-0x000000000009fbff]] usable
[    0.000000] BIOS-e820: [mem 0x000000000009fc00-0x000000000009ffff] reserved
[    0.000000] BIOS-e820: [mem 0x00000000000f0000-0x00000000000fffff] reserved
[    0.000000] BIOS-e820: [mem 0x0000000000100000-0x000000003ffeffff] usable
[    0.000000] BIOS-e820: [mem 0x000000003fff0000-0x000000003fffffff] ACPI data
[    0.000000] BIOS-e820: [mem 0x00000000fec00000-0x00000000fec00fff] reserved
[   0.000000] BIOS-e820: [mem 0x00000000fee00000-0x00000000fee00fff] reserved
[    0.000000] BIOS-e820: [mem 0x00000000fffc0000-0x00000000ffffffff] reserved
[    0.000000] NX (Execute Disable) protection: active
[    0.000000] SMBIOS 2.5 present.
[    0.000000] DMI: innotek GmbH VirtualBox/VirtualBox, BIOS VirtualBox 12/01/2006
[    0.000000] Hypervisor detected: KVM
[    0.000000] e820: last_pfn = 0x3fff0 max_arch_pfn = 0x400000000
[    0.000000] MTRR: Disabled
[    0.000000] x86/PAT: MTRRs disabled, skipping PAT initialization too.
[    0.000000] CPU MTRRs all blank - virtualized system.
[    0.000000] x86/PAT: Configuration [0-7]: WB  WT  UC- C  WB  WT  UC- UC  
[    0.000000] found SMP MP-table at [mem 0x0009fff0-00x0009ffff]
[    0.000000] Scanning 1 areas for low memory corruption
[    0.000000] RAMDISK: [mem 0x35983000-0x36cb8fff]
[    0.000000] ACPI: Early table checksum verification disabled
[    0.000000] ACPI: RSDP 0x00000000000E0000 000024 (v02 VBOX  )
[    0.000000] ACPI: XSDT 0x000000003FFF0030 00003C (v01 VBOX   VBOXXSDT 00000001 ASL  00000061)
[    0.000000] ACPI: FACP 0x000000003FFF00F0 0000F4 (v04 VBOX   VBOXFACP 00000001 ASL  00000061)
[    0.000000] ACPI: DSDT 0x000000003FFF0470 0021FF (v02 VBOX   VBOXBIOS 00000002 INTL 20100528)
[    0.000000] ACPI: FACS 0x000000003FFF0200 000040
[    0.000000] ACPI: FACS 0x000000003FFF0200 000040
[    0.000000] ACPI: APIC 0x000000003FFF0240 00005C (v02 VBOX   VBOXAPIC 00000001 ASL  00000061)
[    0.000000] ACPI: SSDT 0x000000003FFF02A0 0001CC (v01 VBOX   VBOXCPUT 00000002 INTL 20100528)
[    0.000000] No NUMA configuration found
[    0.000000] Faking a node at [mem 0x0000000000000000-0x000000003ffefff]

[    0.000000] NODE_DATA(0) allocated [mem 0x3ffc5000-0x3ffeffff]
[    0.000000] kvm-clock: cpu 0, msr 0:3ff44001, primary cpu clock
[    0.000000] kvm-clock: Using msrs 4b564d01 and 4b564d00
[    0.000000] kvm-clock: using sched offset of 7290343281 cycles
[    0.000000] clocksource: kvm-clock: mask: 0xffffffffffffffff max_cycles: 0x1cd42e4dffb, max_idl_ns: 88159051483 s
[   0.00000] Zone ranges:
[    0.000000]   DMA      [mem 0x0000000000001000-0x000000000ffffff]
[   0.000000]   DMA32    [mem 0x0000000001000000-0x000000003ffeffff]
[    0.000000]  Normal   empty
[    0.000000]   Device   empty
[    0.000000] Movable zone start for each node
[   0.000000] Early memory node ranges
[    0.000000]   node   0: [mem 0x0000000000001000-0x000000000009efff]
[    0.000000]   node   0: [mem 0x0000000000100000-0x000000003ffeffff]
[    0.000000] Reserved but unavailable: 98 pages
[    0000000] Initmem setup node 0 [mem 0x0000000000001000-0x00000003ffeffff]
[   0.000000] ACPI: PM-Timer IO Port: 0x4008
[   0.000000] IOAPIC[0]: apic_id 2, version 32, address 0xfec00000, GSI 0-23
[    0.000000] ACPI: INT_SRC_OVR (bus 0 bus_irq 0 global_irq 2 dfl dfl)
[    0.000000] ACPI: INT_SRC_OVR (bus 0 bus_irq 9 global_irq 9 low level)
[    0.000000] Using ACPI (MDT)forSMP configuration information
[    0.000000] smpboot: Allowing 2 CPUs, 0 hotplug CPUs
[    0.000000] PM: Registered nosave memory: [mem 0x00000000-0x00000fff]
[    0.000000] PM: Registered nosave memory: [mem 0x0009f000-0x0009ffff]
[    0.000000] PM: Registered nosave memory: [mem 0x000a0000-0x000effff]
[    0.000000] PM: Registered nosave memory: [mem 0x000f0000-0x000fffff]
[    0.000000] e820: [mem 0x40000000-0xfebfffff] available for PCI devices
[    0.000000] Booting paravirtualized kernel on KVM
[    0.000000] clocksource: refined-jiffies: mask: 0xffffffff max_cycles: 0xffffffff, max_idle_ns: 7645519600211568 ns
[   000000] random: get_random_bytes called from start_kernel+0x99/0x4fd with crng_init=0
[   0.000000] setup_percpu: NR_CPUS:8192 nr_cpumask_bits:2 nr_cu_ids:2 nr_node_ids:1
[    .000000] percpu: Embedded 46 pages/cpu s151552 r8192 d28672 u1048576
[    0.000000] PV qspinlok hash table entries: 256 (order: 0, 4096 bytes)
[    0.000000] Built 1 zonelists, mobility grouping on.  Total pages: 257913
[    0.000000] Policy zone: DMA32
[    0.000000] Kernel command line: BOOT_IMAGE=/boot/vmlinuz-4.15.0-62-generic root=UUID=f3638ad1-09b3-4522-a2a0-7cc460e907bc ro console=tty1 console=ttyS0
[    0.000000] Memory: 982912K/1048120K available (12300K kernel code, 2481K rwdata, 4172K rodata, 2436K init, 2384K bss, 65208K reserved, 0K cma-reserved)
[    0.000000] SLUB: HWalign=64, Order=0-3, MinObjects=0, CPUs=2, Nodes=1
[    0.000000] Kernel/User page tables isolation: enabled
[    0.000000] ftrace: allocating 39306 entries in 154 pages
[    0.004000] Hierarchical RCU implementation.
[   0.04000] 	RCU restricting CPUs from NR_CPUS=8192 to nr_cpuids=2.
[   0.004000] 	Tasks RCU enabled.
[   0.004000] RCU: Adjusting geomery or rcu_fanout_leaf=16, nr_cpu_ids=2
[    0.004000] NR_IRQS: 524544, nr_irqs: 440, preallocated irqs: 16
[    0.004000] Console: colour VGA+ 80x25
[   0.04000] console[tty1 enabled
[    0.004000] console [ttyS0] enabled
[    0.004000] ACP: Core revision 20170831
[   0.004000] ACPI: 2 ACPI AML tables successfully acquired and loaded
[   0.004000] APIC: Switch to symmetric I/O mode setup
[    0.004825] x2apic enabled
[    0.008010] Switched APIC routing to physical x2apic.
[    0.017920] ..TIMER: vector=0x30 apic1=0 pin1=2 apic2=-1 pin2=-1
[    0.020009] tsc: Detected 2712.002 MHz processor
[    0.024030] Calibrating delay loop (skipped) preset value.. 5424.00 BogoMIPS (lpj=10848008)
[    0.028009] pid_max: default: 32768 minimum: 301
[    0.032044] Security Framework initialized
[    0.036006] Yama: becoming mindful.
[    0.040035] AppArmor: AppArmor initialized
[    0.048104] Dentry cache hash table entries: 131072 (order: 8, 1048576 bytes)
[    0.052090] Inode-cache hash table entries: 65536 (order: 7, 524288 bytes)
[    0.056025] Mount-cache hash table entries: 2048 (order: 2, 16384 bytes)
[    0.058394] Mountpoint-cache hash table entries: 2048 (order: 2, 16384 bytes)
[    0.060543] Last level iTLB entries: 4KB 64, 2MB 8, 4MB 8
[    0.064006] Last level dTLB entries: 4KB 64, 2MB 0, 4MB 0, 1GB 4
[    0.068006] Spectre V1 : Mitigation: usercopy/swapgs barriers and __user pointer sanitization
[    0.072004] Spectre V2 : Mitigation: Full generic retpoline
[    0.074193] Spectre V2 : Spectre v2 / SpectreRSB mitigation: Filling RSB on context switch
[    0.076006] Speculative Store Bypass: Vulnerable
[    0.080064] MDS: Vulnerable: Clear CPU buffers attempted, no microcode
[    0.084330] Freeing SMP alternatives memory: 36K
[    0.096000] APIC calibration not consistent with PM-Timer: 98ms instead of 100ms
[    0.096000] APIC delta adjusted to PM-Timer: 6243822 (6154287)
[    0.096083] smpboot: CPU0: Intel(R) Core(TM) i5-7200U CPU @ 2.50GHz (family: 0x6, model: 0x8e, stepping: 0x9)
[    0.100085] Performance Events: unsupported p6 CPU model 142 no PMU driver, software events only.
[    0.104111] Hierarchical SRCU implementation.
[    0.109564] NMI watchdog: Perf event create on CPU 0 failed with -2
[    0.112006] NMI watchdog: Perf NMI watchdog permanently disabled
[    0.116131] smp: Bringing up secondary CPUs ...
[    0.120125] x86: Booting SMP configuration:
[    0.124010] .... node  #0, CPUs:      #1
[    0.004000] kvm-clock: cpu 1, msr 0:3ff44041, secondary cpu clock
[    0.136023] smp: Brought up 1 node, 2 CPUs
[    0.140012] smpboot: Max logical packages: 1
[    0.144012] smpboot: Total of 2 processors activated (10848.00 BogoMIPS)
[    0.148132] devtmpfs: initialized
[    0.152072] x86/mm: Memory block size: 128MB
[    0.160262] evm: security.selinux
[    0.164021] evm: security.SMACK64
[    0.168009] evm: security.SMACK64EXEC
[    0.172008] evm: security.SMACK64TRANSMUTE
[    0.176010] evm: security.SMACK64MMAP
[    0.180007] evm: security.apparmor
[    0.184003] evm: security.ima
[    0.188009] evm: security.capability
[    0.189648] clocksource: jiffies: mask: 0xffffffff max_cycles: 0xffffffff, max_idle_ns: 7645041785100000 ns
[    0.192019] futex hash table entries: 512 (order: 3, 32768 bytes)
[    0.196032] pinctrl core: initialized pinctrl subsystem
[    0.200139] RTC time: 20:24:45, date: 09/18/19
[    0.204345] NET: Registered protocol family 16
[    0.206895] audit: initializing netlink subsys (disabled)
[    0.208047] audit: type=2000 audit(1568838288.198:1): state=initialized audit_enabled=0 res=1
[    0.228010] cpuidle: using governor ladder
[    0.232016] cpuidle: using governor menu
[    0.236058] ACPI: bus type PCI registered
[    0.240008] acpiphp: ACPI Hot Plug PCI Controller Driver version: 0.5
[    0.244126] PCI: Using configuration type 1 for base access
[    0.253938] HugeTLB registered 2.00 MiB page size, pre-allocated 0 pages
[    0.256104] ACPI: Added _OSI(Module Device)
[    0.260012] ACPI: Added _OSI(Processor Device)
[    0.264007] ACPI: Added _OSI(3.0 _SCP Extensions)
[    0.268006] ACPI: Added _OSI(Processor Aggregator Device)
[    0.272007] ACPI: Added _OSI(Linux-Dell-Video)
[    0.276014] ACPI: Added _OSI(Linux-Lenovo-NV-HDMI-Audio)
[    0.280010] ACPI: Added _OSI(Linux-HPI-Hybrid-Graphics)
[    0.284361] ACPI: Executed 1 blocks of module-level executable AML code
[    0.298768] ACPI: Interpreter enabled
[    0.300033] ACPI: (supports S0 S5)
[    0.304012] ACPI: Using IOAPIC for interrupt routing
[    0.308806] PCI: Using host bridge windows from ACPI; if necessary, use "pci=nocrs" and report a bug
[    0.312398] ACPI: Enabled 2 GPEs in block 00 to 07
[    0.332398] ACPI: PCI Root Bridge [PCI0] (domain 0000 [bus 00-ff])
[    0.335909] acpi PNP0A03:00: _OSC: OS supports [ASPM ClockPM Segments MSI]
[    0.336065] acpi PNP0A03:00: _OSC: not requesting OS control; OS requires [ExtendedConfig ASPM ClockPM MSI]
[    0.340033] acpi PNP0A03:00: fail to add MMCONFIG information, can't access extended PCI configuration space under this bridge.
[    0.344812] PCI host bridge to bus 0000:00
[    0.348010] pci_bus 0000:00: root bus resource [io  0x0000-0x0cf7 window]
[    0.352010] pci_bus 0000:00: root bus resource [io  0x0d00-0xffff window]
[    0.356014] pci_bus 0000:00: root bus resource [mem 0x000a0000-0x000bffff window]
[    0.360009] pci_bus 0000:00: root bus resource [mem 0x40000000-0xfdffffff window]
[    0.364006] pci_bus 0000:00: root bus resource [bus 00-ff]
[    0.372388] pci 0000:00:01.1: legacy IDE quirk: reg 0x10: [io  0x01f0-0x01f7]
[    0.376009] pci 0000:00:01.1: legacy IDE quirk: reg 0x14: [io  0x03f6]
[    0.380007] pci 0000:00:01.1: legacy IDE quirk: reg 0x18: [io  0x0170-0x0177]
[    0.384010] pci 0000:00:01.1: legacy IDE quirk: reg 0x1c: [io  0x0376]
[    0.422715] pci 0000:00:07.0: quirk: [io  0x4000-0x403f] claimed by PIIX4 ACPI
[    0.424034] pci 0000:00:07.0: quirk: [io  0x4100-0x410f] claimed by PIIX4 SMB
[    0.445296] ACPI: PCI Interrupt Link [LNKA] (IRQs 5 9 10 *11)
[    0.448587] ACPI: PCI Interrupt Link [LNKB] (IRQs 5 9 *10 11)
[    0.452273] ACPI: PCI Interrupt Link [LNKC] (IRQs 5 *9 10 11)
[    0.456351] ACPI: PCI Interrupt Link [LNKD] (IRQs 5 9 10 *11)
[    0.460428] SCSI subsystem initialized
[    0.464074] pci 0000:00:02.0: vgaarb: setting as boot VGA device
[    0.468000] pci 0000:00:02.0: vgaarb: VGA device added: decodes=io+mem,owns=io+mem,locks=none
[    0.468016] pci 0000:00:02.0: vgaarb: bridge control possible
[    0.469651] vgaarb: loaded
[    0.472039] ACPI: bus type USB registered
[    0.473153] usbcore: registered new interface driver usbfs
[    0.474619] usbcore: registered new interface driver hub
[    0.476054] usbcore: registered new device driver usb
[    0.478045] EDAC MC: Ver: 3.0.0
[    0.481042] PCI: Using ACPI for IRQ routing
[    0.481977] NetLabel: Initializing
[    0.484007] NetLabel:  domain hash size = 128
[    0.488005] NetLabel:  protocols = UNLABELED CIPSOv4 CALIPSO
[    0.489832] NetLabel:  unlabeled traffic allowed by default
[    0.492099] clocksource: Switched to clocksource kvm-clock
[   0.535545] VFS: Disk quotas dquot_6.6.0
[    0.622754] VFS: Dquot-cache hash table entries: 512 (order 0, 4096 bytes)
[    0.633090] AppArmor: AppArmor Filesystem Enabled
[    0.635037] pnp: PnP ACPI init
[   0.638995] pnp: PnP ACPI: found 3 deves

[    0.787507] clocksource: acpi_pm: mask: 0xffffff max_cycles: 0xffffff, max_idle_ns: 2085701024 ns
[    0.791688] NET: Registered protocol family 2
[    0.796893] TCP established hash table entries: 8192 (order: 4, 65536 bytes)
[    0.800675] TCP bind hash table entries: 8192 (order: 5, 131072 bytes)
[    0.803037] TCP: Hash tables confgued(establisd 92 bind 8192)
[    1.124927] UDP hash table eries: 512 (order: 2, 16384 bytes)
[    1.210618] UDP-Lite hash table entries: 512 (order: 2, 16384 bytes)
[    1.212829] NET: Registered protocol family 1
[    1.214443] pci 0000:00:00.0: Limiting direct PCI/PCI transfers
[  1.217314] pci 0000:00:01.0: Activating ISA DMA hang workarounds
[    1.295651] pci 0000:00:02.0: Video device with sdowed ROM at [mem 0x000c0000-0x000dffff]
[  18636] Unpacking initramfs...
[    2.316869] Freeing initrd memory: 19672K
[    2.329346] clocksource: tsc: mask: 0xffffffffffffffff max_cycles: 0x2717880cafa, max_idle_ns: 440795252614 ns
[    2.362126] platform rtc_cmos: registered platform RTC device (no PNP device found)
[    2.371736] Scanning for low memory corruption every 60 seconds
[    2.380969] Initialise system trusted keyrings
[    2.389564] Key type blacklist registered
[    2.414981] workingset: timestamp_bits=36 max_order=18 bucket_order=0
[    2.420526] zbud: loaded
[    2.423581] squashfs: version 4.0 (2009/01/31) Phillip Lougher
[    2.442329] fuse init (API version 7.26)
[    2.475501] Key type asymmetric registered
[    2.505328] Asymmetric key parser 'x509' registered
[    2.507323] Block layer SCSI generic (bsg) driver version 0.4 loaded (major 246)
[    2.534293] io scheduler noop registered
[    2.546481] io scheduler deadline registered
[    2.558400] io scheduler cfq registered (default)
[    2.576927] ACPI: AC Adapter [AC] (off-line)
[    2.618092] input: Power Button as /devices/LNXSYSTM:00/LNXPWRBN:00/input/input0
[    2.634422] ACPI: Power Button [PWRF]
[    2.649410] input: Sleep Button as /devices/LNXSYSTM:00/LNXSLPBN:00/input/input1
[    2.669066] ACPI: Sleep Button [SLPF]
[    2.674825] ACPI: Battery Slot [BAT0] (battery present)
[    2.678341] Serial: 8250/16550 driver, 32 ports, IRQ sharing enabled
[    2.708892] 00:02: ttyS0 at I/O 0x3f8 (irq = 4, base_baud = 115200) is a 16550A
[    2.722711] Linux agpgart interface v0.103
[    2.732817] loop: module loaded
[    2.741625] scsi host0: ata_piix
[    2.750356] scsi host1: ata_piix
[   2.752453] ata1: PATA max UDMA/33 cmd 0x1f0 ctl 0x3f6 bmdma 0xd000 irq 14

[    2.799210] ata2: PATA max UDMA/33 cmd 0x170 ctl 0x376 bmdma 0xd008 irq 15
[    2.802750] libphy: Fixed MDIO Bus: probed
[    2.811867] tun: Universal TUN/TAP device driver, 1.6
[    2.815838] PPP generic driver version 2.4.2
[    2.819223] ehci_hcd: USB 2.0 'Enhanced' Host Controller (EHCI) Driver
[    2.822394] ehci-pci: EHCI PCI platform driver
[    2.824890] ehci-platform: EHCI generic platform driver
[    2.827477] ohci_hcd: USB 1.1 'Open' Host Controller (OHCI) Driver
[    2.830254] ohci-pci: OHCI PCI platform driver
[    2.832221] ohci-platform: OHCI generic platform driver
[    2.834725] uhci_hcd: USB Universal Host Controller Interface driver
[    2.837440] i8042: PNP: PS/2 Controller [PNP0303:PS2K,PNP0f03:PS2M] at 0x60,0x64 irq 1,12
[    2.841328] serio: i8042 KBD port at 0x60,0x64 irq 1
[    2.845161] serio: i8042 AUX port at 0x60,0x64 irq 12
[    2.856474] mousedev: PS/2 mouse device common for all mice
[    2.871353] input: AT Translated Set 2 keyboard as /devices/platform/i8042/serio0/input/input2
[    2.876109] rtc_cmos rtc_cmos: rtc core: registered rtc_cmos as rtc0
[    2.879716] rtc_cmos rtc_cmos: alarms up to one day, 114 bytes nvram
[    2.883291] i2c /dev entries driver
[    2.885366] device-mapper: uevent: version 1.0.3
[    2.888054] device-mapper: ioctl: 4.37.0-ioctl (2017-09-20) initialised: dm-devel@redhat.com
[    2.892398] ledtrig-cpu: registered to indicate activity on CPUs
[    2.895876] NET: Registered protocol family 10
[    2.905092] Segment Routing with IPv6
[    2.906776] NET: Registered protocol family 17
[    2.908837] Key type dns_resolver registered
[    2.911487] mce: Using 0 MCE banks
[    2.920149] RAS: Correctable Errors collector initialized.
[    2.924807] sched_clock: Marking stable (2924755335, 0)->(8997107988, -6072352653)
[    2.937815] registered taskstats version 1
[    2.940125] Loading compiled-in X.509 certificates
[    2.950741] Loaded X.509 cert 'Build time autogenerated kernel key: ff1b14b29a8b0fad041e56b58c2af39eda0766ce'
[    2.958178] zswap: loaded using pool lzo/zbud
[    2.971403] Key type big_key registered
[    2.973688] Key type trusted registered
[    2.981296] Key type encrypted registered
[    2.985165] AppArmor: AppArmor sha1 policy hashing enabled
[    2.988246] ima: No TPM chip found, activating TPM-bypass! (rc=-19)
[    2.991286] ima: Allocated hash algorithm: sha1
[    3.001829] evm: HMAC attrs: 0x1
[    3.003879]   Magic number: 3:867:447
[    3.005565] rtc_cmos rtc_cmos: setting system clock to 2019-09-18 20:24:48 UTC (1568838288)
[    3.008561] BIOS EDD facility v0.16 2004-Jun-25, 0 devices found
[    3.010804] EDD information not available.
[    3.023438] Freeing unused kernel image memory: 2436K
[    3.040730] Write protecting the kernel read-only data: 20480k
[    3.043553] Freeing unused kernel image memory: 2008K
[    3.052951] Freeing unused kernel image memory: 1972K
[    3.074140] x86/mm: Checked W+X mappings: passed, no W+X pages found.
[    3.077158] x86/mm: Checking user space page tables
[    3.092434] x86/mm: Checked W+X mappings: passed, no W+X pages found.
Loading, please wait...
starting version 237
[    3.198835] e1000: Intel(R) PRO/1000 Network Driver - version 7.3.21-k8-NAPI
[    3.201657] e1000: Copyright (c) 1999-2006 Intel Corporation.
[    3.207858] Fusion MPT base driver 3.04.20
[    3.210833] Copyright (c) 1999-2008 LSI Corporation
[    3.287037] Fusion MPT SPI Host driver 3.04.20
[    3.295525] AVX2 version of gcm_enc/dec engaged.
[    3.309692] AES CTR mode by8 optimization enabled
[    3.523913] input: ImExPS/2 Generic Explorer Mouse as /devices/platform/i8042/serio1/input/input4
[    3.814002] e1000 0000:00:03.0 eth0: (PCI:33MHz:32-bit) 02:76:54:76:58:75
[    4.136750] e1000 0000:00:03.0 eth0: Intel(R) PRO/1000 Network Connection
[    4.141493] mptbase: ioc0: Initiating bringup
[    4.142708] e1000 0000:00:03.0 enp0s3: renamed from eth0
[    4.449624] ioc0: LSI53C1030 A0: Capabilities={Initiator}
[    5.481851] scsi host2: ioc0: LSI53C1030 A0, FwRev=00000000h, Ports=1, MaxQ=256, IRQ=20
[    6.359202] scsi 2:0:0:0: Direct-Access     VBOX     HARDDISK         1.0  PQ: 0 ANSI: 5
[    6.411732] scsi target2:0:0: Beginning Domain Validation
[    6.416761] scsi target2:0:0: Domain Validation skipping write tests
[    6.419228] scsi target2:0:0: Ending Domain Validation
[    6.422116] scsi target2:0:0: asynchronous
[    6.425653] random: fast init done
[    6.428306] scsi 2:0:1:0: Direct-Access     VBOX     HARDDISK         1.0  PQ: 0 ANSI: 5
[    7.284915] scsi target2:0:1: Beginning Domain Validation
[    7.382186] scsi target2:0:1: Domain Validation skipping write tests
[    7.388116] scsi target2:0:1: Ending Domain Validation
[    7.391310] scsi target2:0:1: asynchronous
[    7.403850] random: systemd-udevd: uninitialized urandom read (16 bytes read)
[    7.404035] sd 2:0:0:0: Attached scsi generic sg0 type 0
[    7.414610] random: systemd-udevd: uninitialized urandom read (16 bytes read)
[    7.426271] random: systemd-udevd: uninitialized urandom read (16 bytes read)
[    7.435920] sd 2:0:1:0: Attached scsi generic sg1 type 0
[    7.438198] sd 2:0:0:0: [sda] 20971520 512-byte logical blocks: (10.7 GB/10.0 GiB)
[    7.438534] sd 2:0:0:0: [sda] Write Protect is off
[    7.443892] sd 2:0:1:0: [sdb] 20480 512-byte logical blocks: (10.5 MB/10.0 MiB)
[    7.449352] sd 2:0:0:0: [sda] Incomplete mode parameter data
[    7.452480] sd 2:0:0:0: [sda] Assuming drive cache: write through
[    7.452525] sd 2:0:1:0: [sdb] Write Protect is off
[    7.458584] sd 2:0:1:0: [sdb] Incomplete mode parameter data
[    7.460222] sd 2:0:1:0: [sdb] Assuming drive cache: write through
[    7.470500]  sda: sda1
[    7.472192] sd 2:0:0:0: [sda] Attached SCSI disk
[    7.493310] sd 2:0:1:0: [sdb] Attached SCSI disk
Begin: Loading essential drivers ... [    9.893256] raid6: sse2x1   gen()  6060 MB/s
[    9.948447] raid6: sse2x1   xor()  3699 MB/s
[   10.000513] raid6: sse2x2   gen()  5973 MB/s
[   10.052291] raid6: sse2x2   xor()  4420 MB/s
[   10.116345] raid6: sse2x4   gen()  7881 MB/s
[   10.180229] raid6: sse2x4   xor()  4065 MB/s
[   10.232043] raid6: avx2x1   gen() 10359 MB/s
[   10.300073] raid6: avx2x1   xor()  6821 MB/s
[   10.348504] raid6: avx2x2   gen() 12216 MB/s
[   10.400019] raid6: avx2x2   xor()  8685 MB/s
[   10.472054] raid6: avx2x4   gen() 13845 MB/s
[   10.524641] raid6: avx2x4   xor()  8982 MB/s
[   10.530239] raid6: using algorithm avx2x4 gen() 13845 MB/s
[   10.545321] raid6: .... xor() 8982 MB/s, rmw enabled
[   10.555850] raid6: using avx2x2 recovery algorithm
[   10.564852] xor: automatically using best checksumming function   avx       
[   10.590295] async_tx: api initialized (async)
done.
Begin: Running /scripts/init-premount ... done.
Begin: Mounting root file system ... Begin: Running /scripts/local-top ... done.
Begin: Running /scripts/local-premount ... [   10.699924] Btrfs loaded, crc32c=crc32c-intel
Scanning for Btrfs filesystems
done.
Warning: fsck not present, so skipping root file system
[   10.821362] EXT4-fs (sda1): mounted filesystem with ordered data mode. Opts: (null)
done.
Begin: Running /scripts/local-bottom ... done.
Begin: Running /scripts/init-bottom ... done.
[   12.671509] ip_tables: (C) 2000-2006 Netfilter Core Team
[   14.200133] random: crng init done
[   14.202515] random: 7 urandom warning(s) missed due to ratelimiting
[   14.296988] systemd[1]: systemd 237 running in system mode. (+PAM +AUDIT +SELINUX +IMA +APPARMOR +SMACK +SYSVINIT +UTMP +LIBCRYPTSETUP +GCRYPT +GNUTLS +ACL +XZ +LZ4 +SECCOMP +BLKID +ELFUTILS +KMOD -IDN2 +IDN -PCRE2 default-hierarchy=hybrid)
[   14.361613] systemd[1]: Detected virtualization oracle.
[   14.369873] systemd[1]: Detected architecture x86-64.

Welcome to [1mUbuntu 18.04.3 LTS[0m!

[   14.433358] systemd[1]: Set hostname to <ubuntu-bionic>.
[   17.512334] systemd[1]: Set up automount Arbitrary Executable File Formats File System Automount Point.
[[0;32m  OK  [0m] Set up automount Arbitrary Executab…rmats File System Automount Point.
[   19.629018] systemd[1]: Reached target User and Group Name Lookups.
[[0;32m  OK  [0m] Reached target User and Group Name Lookups.
[   20.662186] systemd[1]: Reached target System Time Synchronized.
[[0;32m  OK  [0m] Reached target System Time Synchronized.
[   21.177327] systemd[1]: Started Forward Password Requests to Wall Directory Watch.
[[0;32m  OK  [0m] Started Forward Password Requests to Wall Directory Watch.
[   21.209798] systemd[1]: Created slice User and Session Slice.
[[0;32m  OK  [0m] Created slice User and Session Slice.
[   21.222446] systemd[1]: Created slice System Slice.
[[0;32m  OK  [0m] Created slice System Slice.
[   21.240914] systemd[1]: Listening on udev Control Socket.
[[0;32m  OK  [0m] Listening on udev Control Socket.
[   21.265270] systemd[1]: Listening on LVM2 metadata daemon socket.
[[0;32m  OK  [0m] Listening on LVM2 metadata daemon socket.
[   21.630576] systemd[1]: Listening on Journal Socket.
[[0;32m  OK  [0m] Listening on Journal Socket.
[   21.724070] systemd[1]: Starting Load Kernel Modules...
         Starting Load Kernel Modules...
[   21.731511] systemd[1]: Mounting POSIX Message Queue File System...
         Mounting POSIX Message Queue File System...
[[0;32m  OK  [0m] Listening on udev Kernel Socket.
         Starting Uncomplicated firewall...
[[0;32m  OK  [0m] Reached target Slices.
         Mounting Huge Pages File System...
[[0;32m  OK  [0m] Listening on Device-mapper event daemon FIFOs.
[[0;32m  OK  [0m] Created slice system-serial\x2dgetty.slice.
         Starting Monitoring of LVM2 mirrors…ng dmeventd or progress polling...
         Starting Remount Root and Kernel File Systems...
         Starting udev Coldplug all Devices...
         Starting Set the console keyboard layout...
         Starting Create list of required st…ce nodes for the current kernel...
[[0;32m  OK  [0m] Listening on LVM2 poll daemon socket.
[[0;32m  OK  [0m] Listening on Journal Audit Socket.
         Mounting Kernel Debug File System...
[[0;32m  OK  [0m] Reached target Swap.
[[0;32m  OK  [0m] Listening on /dev/initctl Compatibility Named Pipe.
[[0;32m  OK  [0m] Listening on Network Service Netlink Socket.
[[0;32m  OK  [0m] Listening on Syslog Socket.
[[0;32m  OK  [0m] Listening on Journal Socket (/dev/log).
         Starting Journal Service...
[[0;32m  OK  [0m] Mounted POSIX Message Queue File System.
[[0;32m  OK  [0m] Started Uncomplicated firewa[   22.135706] Loading iSCSI transport class v2.0-870.
ll.
[[0;32m  OK  [0m] Mounted Huge Pages File System.
[[0;32m  OK  [0m] Mounted Kernel Debug File System.
[   22.186623] EXT4-fs (sda1): re-mounted. Opts: (null)
[[0;32m  OK  [0m] Started Create list of required sta…vice nodes for the current kernel.
[[0;32m  OK  [0m] Started Remount Root and Kernel File Systems.
[[0;32m  OK  [0m] Started udev Coldplug all Devices.
[[0;32m  OK  [0m] Started LVM2 metadata daemon.
         Starting Load/Save Random Seed...
[   22.408258] iscsi: registered transport (tcp)
         Starting Create Static Device Nodes in /dev...
[[0;32m  OK  [0m] Started Load/Save Random Seed.
[[0;32m  OK  [0m] Started Journal Service.
         Starting Flush Journal to Persistent Storage...
[[0;32m  OK  [0m] Started Monitoring of LVM2 mirrors,…sing dmeventd or progress polling.
[   22.666136] systemd-journald[405]: Received request to flush runtime journal from PID 1
[[0;32m  OK  [0m] Started Set the console keyboard layout.
[[0;32m  OK  [0m] Started Create Static Device Nodes in /dev.
[[0;32m  OK  [0m] Reached target Local File Systems (Pre).
[[0;32m  OK  [0m] Reached target Local File Systems.
         Starting Set console font and keymap...
         Starting Tell Plymouth To Write Out Runtime Data...
         Starting AppArmor initialization...
         Starting ebtables ruleset management...
         Starting udev Kernel Device Manager...
[   23.181083] iscsi: registered transport (iser)
[[0;32m  OK  [0m] Started Load Kernel Modules.
         Mounting Kernel Configuration File System...
         Mounting FUSE Control File System...
         Starting Apply Kernel Variables...
[[0;32m  OK  [0m] Started Set console font and keymap.
[[0;32m  OK  [0m] Mounted Kernel Configuration File System.
[[0;32m  OK  [0m] Started Tell Plymouth To Write Out Runtime Data.
[[0;32m  OK  [0m] Mounted FUSE Control File System.
[[0;32m  OK  [0m] Started Apply Kernel Variables.
[[0;32m  OK  [0m] Started udev Kernel Device Manager.
[[0;32m  OK  [0m] Started Dispatch Password Requests to Console Directory Watch.
[[0;32m  OK  [0m] Reached target Local Encrypted Volumes.
[[0;32m  OK  [0m] Started ebtables ruleset management.
[[0;32m  OK  [0m] Found device /dev/ttyS0.
[[0;32m  OK  [0m] Listening on Load/Save RF Kill Switch Status /dev/rfkill Watch.
[[0;32m  OK  [0m] Started Flush Journal to Persistent Storage.
         Starting Create Volatile Files and Directories...
[[0;32m  OK  [0m] Started AppArmor initialization.
[[0;32m  OK  [0m] Started Create Volatile Files and Directories.
         Starting Update UTMP about System Boot/Shutdown...
         Starting Initial cloud-init job (pre-networking)...
[[0;32m  OK  [0m] Started Update UTMP about System Boot/Shutdown.
[   38.511052] cloud-init[588]: Cloud-init v. 19.1-1-gbaa47854-0ubuntu1~18.04.1 running 'init-local' at Wed, 18 Sep 2019 20:25:23 +0000. Up 37.66 seconds.
[[0;32m  OK  [0m] Started Initial cloud-init job (pre-networking).
[[0;32m  OK  [0m] Reached target Network (Pre).
         Starting Network Service...
[[0;32m  OK  [0m] Started Network Service.
         Starting Wait for Network to be Configured...
         Starting Network Name Resolution...
[[0;32m  OK  [0m] Started Network Name Resolution.
[[0;32m  OK  [0m] Reached target Host and Network Name Lookups.
[[0;32m  OK  [0m] Reached target Network.
[[0;32m  OK  [0m] Started Wait for Network to be Configured.
         Starting Initial cloud-init job (metadata service crawler)...
[   42.867982] cloud-init[715]: Cloud-init v. 19.1-1-gbaa47854-0ubuntu1~18.04.1 running 'init' at Wed, 18 Sep 2019 20:25:27 +0000. Up 42.18 seconds.
[   42.872320] cloud-init[715]: ci-info: ++++++++++++++++++++++++++++++++++++++Net device info++++++++++++++++++++++++++++++++++++++
[   42.930558] cloud-init[715]: ci-info: +--------+------+----------------------------+---------------+--------+-------------------+
[   42.943280] cloud-init[715]: ci-info: | Device |  Up  |          Address           |      Mask     | Scope  |     Hw-Address    |
[   42.949378] cloud-init[715]: ci-info: +--------+------+----------------------------+---------------+--------+-------------------+
[   42.951895] cloud-init[715]: ci-info: | enp0s3 | True |         10.0.2.15          | 255.255.255.0 | global | 02:76:54:76:58:75 |
[   43.012876] cloud-init[715]: ci-info: | enp0s3 | True | fe80::76:54ff:fe76:5875/64 |       .       |  link  | 02:76:54:76:58:75 |
[   43.047495] cloud-init[715]: ci-info: |   lo   | True |         127.0.0.1          |   255.0.0.0   |  host  |         .         |
[   43.056724] cloud-init[715]: ci-info: |   lo   | True |          ::1/128           |       .       |  host  |         .         |
[   43.064758] cloud-init[715]: ci-info: +--------+------+----------------------------+---------------+--------+-------------------+
[   43.070398] cloud-init[715]: ci-info: ++++++++++++++++++++++++++++Route IPv4 info+++++++++++++++++++++++++++++
[   43.077546] cloud-init[715]: ci-info: +-------+-------------+----------+-----------------+-----------+-------+
[   43.081829] cloud-init[715]: ci-info: | Route | Destination | Gateway  |     Genmask     | Interface | Flags |
[   43.085494] cloud-init[715]: ci-info: +-------+-------------+----------+-----------------+-----------+-------+
[   43.089128] cloud-init[715]: ci-info: |   0   |   0.0.0.0   | 10.0.2.2 |     0.0.0.0     |   enp0s3  |   UG  |
[   43.093744] cloud-init[715]: ci-info: |   1   |   10.0.2.0  | 0.0.0.0  |  255.255.255.0  |   enp0s3  |   U   |
[   43.097634] cloud-init[715]: ci-info: |   2   |   10.0.2.2  | 0.0.0.0  | 255.255.255.255 |   enp0s3  |   UH  |
[   43.102278] cloud-init[715]: ci-info: +-------+-------------+----------+-----------------+-----------+-------+
[   43.105914] cloud-init[715]: ci-info: +++++++++++++++++++Route IPv6 info+++++++++++++++++++
[   43.109488] cloud-init[715]: ci-info: +-------+-------------+---------+-----------+-------+
[   43.112754] cloud-init[715]: ci-info: | Route | Destination | Gateway | Interface | Flags |
[   43.115921] cloud-init[715]: ci-info: +-------+-------------+---------+-----------+-------+
[   43.118778] cloud-init[715]: ci-info: |   1   |  fe80::/64  |    ::   |   enp0s3  |   U   |
[   43.122437] cloud-init[715]: ci-info: |   3   |    local    |    ::   |   enp0s3  |   U   |
[   43.126353] cloud-init[715]: ci-info: |   4   |   ff00::/8  |    ::   |   enp0s3  |   U   |
[   43.128754] cloud-init[715]: ci-info: +-------+-------------+---------+-----------+-------+
[[0;32m  OK  [0m] Started Initial cloud-init job (metadata service crawler).
[[0;32m  OK  [0m] Reached target System Initialization.
[[0;32m  OK  [0m] Started Daily apt download activities.
[[0;32m  OK  [0m] Started Message of the Day.
[[0;32m  OK  [0m] Started ACPI Events Check.
[[0;32m  OK  [0m] Listening on ACPID Listen Socket.
[[0;32m  OK  [0m] Started Daily apt upgrade and clean activities.
[[0;32m  OK  [0m] Listening on D-Bus System Message Bus Socket.
[[0;32m  OK  [0m] Listening on UUID daemon activation socket.
[[0;32m  OK  [0m] Started Discard unused blocks once a week.
[[0;32m  OK  [0m] Started Daily Cleanup of Temporary Directories.
[[0;32m  OK  [0m] Reached target Timers.
[[0;32m  OK  [0m] Reached target Paths.
[[0;32m  OK  [0m] Listening on Open-iSCSI iscsid Socket.
         Starting LXD - unix socket.
         Starting Socket activation for snappy daemon.
[[0;32m  OK  [0m] Reached target Cloud-config availability.
[[0;32m  OK  [0m] Reached target Network is Online.
         Starting Availability of block devices...
[[0;32m  OK  [0m] Reached target Remote File Systems (Pre).
[[0;32m  OK  [0m] Reached target Remote File Systems.
[[0;32m  OK  [0m] Listening on LXD - unix socket.
[[0;32m  OK  [0m] Listening on Socket activation for snappy daemon.
[[0;32m  OK  [0m] Started Availability of block devices.
[[0;32m  OK  [0m] Reached target Sockets.
[[0;32m  OK  [0m] Reached target Basic System.
         Starting Permit User Sessions...
         Starting System Logging Service...
[[0;32m  OK  [0m] Started Regular background program processing daemon.
[[0;32m  OK  [0m] Started D-Bus System Message Bus.
         Starting Login Service...
[[0;32m  OK  [0m] Started irqbalance daemon.
         Starting Accounts Service...
         Starting LSB: Record successful boot for GRUB...
         Starting Dispatcher daemon for systemd-networkd...
         Starting Virtualbox guest utils...
         Starting Message of the Day...
         Starting LSB: automatic crash report generation...
[[0;32m  OK  [0m] Started FUSE filesystem for LXC.
[[0;32m  OK  [0m] Started Deferred execution scheduler.
         Starting Snappy daemon...
         Starting OpenBSD Secure Shell server...
         Starting LXD - container startup/shutdown...
[[0;32m  OK  [0m] Started System Logging Service.
[[0;32m  OK  [0m] Started Permit User Sessions.
[[0;32m  OK  [0m] Started Login Service.
         Starting Authorization Manager...
[[0;32m  OK  [0m] Started Unattended Upgrades Shutdown.
         Starting Terminate Plymouth Boot Screen...
         Starting Hold until boot process finishes up...
[[0;32m  OK  [0m] Started Terminate Plymouth Boot Screen.
[[0;32m  OK  [0m] Started Hold until boot process finishes up.
         Starting Set console scheme...
[[0;32m  OK  [0m] Started Serial Getty on ttyS0.
[[0;32m  OK  [0m] Started LSB: automatic crash report generation.
[[0;32m  OK  [0m] Started Set console scheme.
[[0;32m  OK  [0m] Created slice system-getty.slice.
[[0;32m  OK  [0m] Started Getty on tty1.
[[0;32m  OK  [0m] Reached target Login Prompts.
[[0;32m  OK  [0m] Started LSB: Record successful boot for GRUB.
[[0;32m  OK  [0m] Started Authorization Manager.
[[0;32m  OK  [0m] Started Accounts Service.
[[0;32m  OK  [0m] Started Virtualbox guest utils.
[[0;32m  OK  [0m] Started OpenBSD Secure Shell server.
[[0;32m  OK  [0m] Started Dispatcher daemon for systemd-networkd.
[[0;32m  OK  [0m] Created slice User Slice of vagrant.
[[0;32m  OK  [0m] Started Snappy daemon.

Ubuntu 18.04.3 LTS ubuntu-bionic ttyS0

ubuntu-bionic login: [   56.091502] cloud-init[1295]: Cloud-init v. 19.1-1-gbaa47854-0ubuntu1~18.04.1 running 'modules:config' at Wed, 18 Sep 2019 20:25:39 +0000. Up 54.11 seconds.
[   58.931496] cloud-init[1393]: Cloud-init v. 19.1-1-gbaa47854-0ubuntu1~18.04.1 running 'modules:final' at Wed, 18 Sep 2019 20:25:42 +0000. Up 57.41 seconds.
[   58.931814] cloud-init[1393]: Cloud-init v. 19.1-1-gbaa47854-0ubuntu1~18.04.1 finished at Wed, 18 Sep 2019 20:25:44 +0000. Datasource DataSourceNoCloud [seed=/dev/sdb][dsmode=net].  Up 58.89 seconds
